app/build/outputs/logs/manifest-merger-debug-report.txt
-- Merging decision tree log ---
manifest
ADDED from src/main/AndroidManifest.xml:2:1-29:12
INJECTED from src/main/AndroidManifest.xml:2:1-29:12
INJECTED from src/main/AndroidManifest.xml:2:1-29:12
INJECTED from src/main/AndroidManifest.xml:2:1-29:12
MERGED from [com.google.android.material:material:1.1.0-alpha06] AndroidManifest.xml:17:1-24:12
MERGED from [com.google.dagger:dagger-android-support:2.19] AndroidManifest.xml:17:1-22:12
MERGED from [androidx.viewpager2:viewpager2:1.0.0-alpha02] AndroidManifest.xml:17:1-22:12
MERGED from [androidx.appcompat:appcompat:1.1.0-alpha03] AndroidManifest.xml:17:1-22:12
MERGED from [androidx.core:core-ktx:1.0.2] AndroidManifest.xml:2:1-7:12
MERGED from [androidx.legacy:legacy-support-v4:1.0.0] AndroidManifest.xml:17:1-22:12
MERGED from [com.squareup.picasso:picasso:2.71828] AndroidManifest.xml:2:1-14:12
MERGED from [androidx.lifecycle:lifecycle-extensions:2.0.0] AndroidManifest.xml:17:1-25:12
MERGED from [androidx.room:room-coroutines:2.1.0-alpha04] AndroidManifest.xml:17:1-22:12
MERGED from [androidx.room:room-runtime:2.1.0-beta01] AndroidManifest.xml:17:1-28:12
MERGED from [com.google.dagger:dagger-android:2.19] AndroidManifest.xml:17:1-22:12
MERGED from [androidx.recyclerview:recyclerview:1.1.0-alpha03] AndroidManifest.xml:17:1-22:12
MERGED from [androidx.cardview:cardview:1.0.0] AndroidManifest.xml:17:1-22:12
MERGED from [androidx.appcompat:appcompat-resources:1.1.0-alpha03] AndroidManifest.xml:17:1-22:12
MERGED from [androidx.vectordrawable:vectordrawable-animated:1.0.0] AndroidManifest.xml:17:1-22:12
MERGED from [androidx.legacy:legacy-support-core-ui:1.0.0] AndroidManifest.xml:17:1-22:12
MERGED from [androidx.legacy:legacy-support-core-utils:1.0.0] AndroidManifest.xml:17:1-22:12
MERGED from [androidx.media:media:1.0.0] AndroidManifest.xml:17:1-22:12
MERGED from [androidx.coordinatorlayout:coordinatorlayout:1.1.0-alpha01] AndroidManifest.xml:17:1-22:12
MERGED from [androidx.transition:transition:1.0.1] AndroidManifest.xml:17:1-22:12
MERGED from [androidx.vectordrawable:vectordrawable:1.1.0-alpha01] AndroidManifest.xml:17:1-22:12
MERGED from [androidx.exifinterface:exifinterface:1.0.0] AndroidManifest.xml:17:1-22:12
MERGED from [androidx.fragment:fragment:1.1.0-alpha05] AndroidManifest.xml:17:1-22:12
MERGED from [androidx.loader:loader:1.0.0] AndroidManifest.xml:17:1-22:12
MERGED from [androidx.lifecycle:lifecycle-livedata:2.0.0] AndroidManifest.xml:17:1-22:12
MERGED from [androidx.lifecycle:lifecycle-livedata-core:2.0.0] AndroidManifest.xml:17:1-22:12
MERGED from [androidx.arch.core:core-runtime:2.0.1] AndroidManifest.xml:17:1-22:12
MERGED from [androidx.sqlite:sqlite-framework:2.0.1] AndroidManifest.xml:17:1-22:12
MERGED from [androidx.sqlite:sqlite:2.0.1] AndroidManifest.xml:17:1-22:12
MERGED from [androidx.documentfile:documentfile:1.0.0] AndroidManifest.xml:17:1-22:12
MERGED from [androidx.localbroadcastmanager:localbroadcastmanager:1.0.0] AndroidManifest.xml:17:1-22:12
MERGED from [androidx.print:print:1.0.0] AndroidManifest.xml:17:1-22:12
MERGED from [androidx.viewpager:viewpager:1.0.0] AndroidManifest.xml:17:1-22:12
MERGED from [androidx.drawerlayout:drawerlayout:1.0.0] AndroidManifest.xml:17:1-22:12
MERGED from [androidx.slidingpanelayout:slidingpanelayout:1.0.0] AndroidManifest.xml:17:1-22:12
MERGED from [androidx.customview:customview:1.0.0] AndroidManifest.xml:17:1-22:12
MERGED from [androidx.swiperefreshlayout:swiperefreshlayout:1.0.0] AndroidManifest.xml:17:1-22:12
MERGED from [androidx.interpolator:interpolator:1.0.0] AndroidManifest.xml:17:1-22:12
MERGED from [androidx.asynclayoutinflater:asynclayoutinflater:1.0.0] AndroidManifest.xml:17:1-22:12
MERGED from [androidx.cursoradapter:cursoradapter:1.0.0] AndroidManifest.xml:17:1-22:12
MERGED from [androidx.activity:activity:1.0.0-alpha05] AndroidManifest.xml:17:1-22:12
MERGED from [androidx.core:core:1.1.0-alpha05] AndroidManifest.xml:17:1-24:12
MERGED from [androidx.versionedparcelable:versionedparcelable:1.1.0-alpha02] AndroidManifest.xml:17:1-25:12
MERGED from [androidx.lifecycle:lifecycle-process:2.0.0] AndroidManifest.xml:17:1-30:12
MERGED from [androidx.lifecycle:lifecycle-service:2.0.0] AndroidManifest.xml:17:1-22:12
MERGED from [androidx.lifecycle:lifecycle-runtime:2.1.0-alpha03] AndroidManifest.xml:17:1-22:12
MERGED from [androidx.savedstate:savedstate:1.0.0-alpha02] AndroidManifest.xml:17:1-22:12
MERGED from [androidx.lifecycle:lifecycle-viewmodel:2.1.0-alpha03] AndroidManifest.xml:17:1-22:12
INJECTED from src/main/AndroidManifest.xml:2:1-29:12
INJECTED from src/main/AndroidManifest.xml:2:1-29:12
INJECTED from src/main/AndroidManifest.xml:2:1-29:12
	package
		ADDED from src/main/AndroidManifest.xml:4:11-54
		INJECTED from src/main/AndroidManifest.xml
		INJECTED from src/main/AndroidManifest.xml
	android:versionName
		INJECTED from src/main/AndroidManifest.xml
		ADDED from src/main/AndroidManifest.xml:2:1-29:12
		INJECTED from src/main/AndroidManifest.xml
	xmlns:tools
		ADDED from src/main/AndroidManifest.xml:3:11-57
	android:versionCode
		INJECTED from src/main/AndroidManifest.xml
		ADDED from src/main/AndroidManifest.xml:2:1-29:12
		INJECTED from src/main/AndroidManifest.xml
	xmlns:android
		ADDED from src/main/AndroidManifest.xml:2:11-69
uses-permission#android.permission.ACCESS_NETWORK_STATE
ADDED from src/main/AndroidManifest.xml:6:5-78
	android:name
		ADDED from src/main/AndroidManifest.xml:6:22-76
uses-permission#android.permission.INTERNET
ADDED from src/main/AndroidManifest.xml:7:5-66
	android:name
		ADDED from src/main/AndroidManifest.xml:7:22-64
application
ADDED from src/main/AndroidManifest.xml:9:5-27:19
MERGED from [com.google.android.material:material:1.1.0-alpha06] AndroidManifest.xml:22:5-20
MERGED from [com.google.android.material:material:1.1.0-alpha06] AndroidManifest.xml:22:5-20
MERGED from [com.squareup.picasso:picasso:2.71828] AndroidManifest.xml:7:5-12:19
MERGED from [com.squareup.picasso:picasso:2.71828] AndroidManifest.xml:7:5-12:19
MERGED from [androidx.lifecycle:lifecycle-extensions:2.0.0] AndroidManifest.xml:22:5-23:19
MERGED from [androidx.lifecycle:lifecycle-extensions:2.0.0] AndroidManifest.xml:22:5-23:19
MERGED from [androidx.room:room-runtime:2.1.0-beta01] AndroidManifest.xml:22:5-26:19
MERGED from [androidx.room:room-runtime:2.1.0-beta01] AndroidManifest.xml:22:5-26:19
MERGED from [androidx.core:core:1.1.0-alpha05] AndroidManifest.xml:22:5-89
MERGED from [androidx.core:core:1.1.0-alpha05] AndroidManifest.xml:22:5-89
MERGED from [androidx.versionedparcelable:versionedparcelable:1.1.0-alpha02] AndroidManifest.xml:22:5-23:19
MERGED from [androidx.versionedparcelable:versionedparcelable:1.1.0-alpha02] AndroidManifest.xml:22:5-23:19
MERGED from [androidx.lifecycle:lifecycle-process:2.0.0] AndroidManifest.xml:22:5-28:19
MERGED from [androidx.lifecycle:lifecycle-process:2.0.0] AndroidManifest.xml:22:5-28:19
	android:appComponentFactory
		ADDED from [androidx.core:core:1.1.0-alpha05] AndroidManifest.xml:22:18-86
	android:supportsRtl
		ADDED from src/main/AndroidManifest.xml:14:13-39
	android:label
		ADDED from src/main/AndroidManifest.xml:12:13-45
	tools:ignore
		ADDED from src/main/AndroidManifest.xml:16:13-52
	android:roundIcon
		ADDED from src/main/AndroidManifest.xml:13:13-58
	tools:targetApi
		ADDED from src/main/AndroidManifest.xml:18:13-32
	android:icon
		ADDED from src/main/AndroidManifest.xml:11:13-47
	android:allowBackup
		ADDED from src/main/AndroidManifest.xml:10:13-39
	android:theme
		ADDED from src/main/AndroidManifest.xml:15:13-44
	android:networkSecurityConfig
		ADDED from src/main/AndroidManifest.xml:17:13-73
activity#org.com.raian.flickrcodechallenge.ui.activities.MainActivity
ADDED from src/main/AndroidManifest.xml:20:9-26:20
	android:name
		ADDED from src/main/AndroidManifest.xml:20:19-61
intent-filter#action:name:android.intent.action.MAIN+category:name:android.intent.category.LAUNCHER
ADDED from src/main/AndroidManifest.xml:21:13-25:29
action#android.intent.action.MAIN
ADDED from src/main/AndroidManifest.xml:22:17-68
	android:name
		ADDED from src/main/AndroidManifest.xml:22:25-66
category#android.intent.category.LAUNCHER
ADDED from src/main/AndroidManifest.xml:24:17-76
	android:name
		ADDED from src/main/AndroidManifest.xml:24:27-74
uses-sdk
INJECTED from src/main/AndroidManifest.xml reason: use-sdk injection requested
INJECTED from src/main/AndroidManifest.xml
INJECTED from src/main/AndroidManifest.xml
MERGED from [com.google.android.material:material:1.1.0-alpha06] AndroidManifest.xml:20:5-44
MERGED from [com.google.android.material:material:1.1.0-alpha06] AndroidManifest.xml:20:5-44
MERGED from [com.google.dagger:dagger-android-support:2.19] AndroidManifest.xml:20:5-44
MERGED from [com.google.dagger:dagger-android-support:2.19] AndroidManifest.xml:20:5-44
MERGED from [androidx.viewpager2:viewpager2:1.0.0-alpha02] AndroidManifest.xml:20:5-44
MERGED from [androidx.viewpager2:viewpager2:1.0.0-alpha02] AndroidManifest.xml:20:5-44
MERGED from [androidx.appcompat:appcompat:1.1.0-alpha03] AndroidManifest.xml:20:5-44
MERGED from [androidx.appcompat:appcompat:1.1.0-alpha03] AndroidManifest.xml:20:5-44
MERGED from [androidx.core:core-ktx:1.0.2] AndroidManifest.xml:5:5-44
MERGED from [androidx.core:core-ktx:1.0.2] AndroidManifest.xml:5:5-44
MERGED from [androidx.legacy:legacy-support-v4:1.0.0] AndroidManifest.xml:20:5-44
MERGED from [androidx.legacy:legacy-support-v4:1.0.0] AndroidManifest.xml:20:5-44
MERGED from [com.squareup.picasso:picasso:2.71828] AndroidManifest.xml:5:5-44
MERGED from [com.squareup.picasso:picasso:2.71828] AndroidManifest.xml:5:5-44
MERGED from [androidx.lifecycle:lifecycle-extensions:2.0.0] AndroidManifest.xml:20:5-44
MERGED from [androidx.lifecycle:lifecycle-extensions:2.0.0] AndroidManifest.xml:20:5-44
MERGED from [androidx.room:room-coroutines:2.1.0-alpha04] AndroidManifest.xml:20:5-44
MERGED from [androidx.room:room-coroutines:2.1.0-alpha04] AndroidManifest.xml:20:5-44
MERGED from [androidx.room:room-runtime:2.1.0-beta01] AndroidManifest.xml:20:5-44
MERGED from [androidx.room:room-runtime:2.1.0-beta01] AndroidManifest.xml:20:5-44
MERGED from [com.google.dagger:dagger-android:2.19] AndroidManifest.xml:20:5-44
MERGED from [com.google.dagger:dagger-android:2.19] AndroidManifest.xml:20:5-44
MERGED from [androidx.recyclerview:recyclerview:1.1.0-alpha03] AndroidManifest.xml:20:5-44
MERGED from [androidx.recyclerview:recyclerview:1.1.0-alpha03] AndroidManifest.xml:20:5-44
MERGED from [androidx.cardview:cardview:1.0.0] AndroidManifest.xml:20:5-44
MERGED from [androidx.cardview:cardview:1.0.0] AndroidManifest.xml:20:5-44
MERGED from [androidx.appcompat:appcompat-resources:1.1.0-alpha03] AndroidManifest.xml:20:5-44
MERGED from [androidx.appcompat:appcompat-resources:1.1.0-alpha03] AndroidManifest.xml:20:5-44
MERGED from [androidx.vectordrawable:vectordrawable-animated:1.0.0] AndroidManifest.xml:20:5-44
MERGED from [androidx.vectordrawable:vectordrawable-animated:1.0.0] AndroidManifest.xml:20:5-44
MERGED from [androidx.legacy:legacy-support-core-ui:1.0.0] AndroidManifest.xml:20:5-44
MERGED from [androidx.legacy:legacy-support-core-ui:1.0.0] AndroidManifest.xml:20:5-44
MERGED from [androidx.legacy:legacy-support-core-utils:1.0.0] AndroidManifest.xml:20:5-44
MERGED from [androidx.legacy:legacy-support-core-utils:1.0.0] AndroidManifest.xml:20:5-44
MERGED from [androidx.media:media:1.0.0] AndroidManifest.xml:20:5-44
MERGED from [androidx.media:media:1.0.0] AndroidManifest.xml:20:5-44
MERGED from [androidx.coordinatorlayout:coordinatorlayout:1.1.0-alpha01] AndroidManifest.xml:20:5-44
MERGED from [androidx.coordinatorlayout:coordinatorlayout:1.1.0-alpha01] AndroidManifest.xml:20:5-44
MERGED from [androidx.transition:transition:1.0.1] AndroidManifest.xml:20:5-44
MERGED from [androidx.transition:transition:1.0.1] AndroidManifest.xml:20:5-44
MERGED from [androidx.vectordrawable:vectordrawable:1.1.0-alpha01] AndroidManifest.xml:20:5-44
MERGED from [androidx.vectordrawable:vectordrawable:1.1.0-alpha01] AndroidManifest.xml:20:5-44
MERGED from [androidx.exifinterface:exifinterface:1.0.0] AndroidManifest.xml:20:5-44
MERGED from [androidx.exifinterface:exifinterface:1.0.0] AndroidManifest.xml:20:5-44
MERGED from [androidx.fragment:fragment:1.1.0-alpha05] AndroidManifest.xml:20:5-44
MERGED from [androidx.fragment:fragment:1.1.0-alpha05] AndroidManifest.xml:20:5-44
MERGED from [androidx.loader:loader:1.0.0] AndroidManifest.xml:20:5-44
MERGED from [androidx.loader:loader:1.0.0] AndroidManifest.xml:20:5-44
MERGED from [androidx.lifecycle:lifecycle-livedata:2.0.0] AndroidManifest.xml:20:5-44
MERGED from [androidx.lifecycle:lifecycle-livedata:2.0.0] AndroidManifest.xml:20:5-44
MERGED from [androidx.lifecycle:lifecycle-livedata-core:2.0.0] AndroidManifest.xml:20:5-44
MERGED from [androidx.lifecycle:lifecycle-livedata-core:2.0.0] AndroidManifest.xml:20:5-44
MERGED from [androidx.arch.core:core-runtime:2.0.1] AndroidManifest.xml:20:5-44
MERGED from [androidx.arch.core:core-runtime:2.0.1] AndroidManifest.xml:20:5-44
MERGED from [androidx.sqlite:sqlite-framework:2.0.1] AndroidManifest.xml:20:5-44
MERGED from [androidx.sqlite:sqlite-framework:2.0.1] AndroidManifest.xml:20:5-44
MERGED from [androidx.sqlite:sqlite:2.0.1] AndroidManifest.xml:20:5-44
MERGED from [androidx.sqlite:sqlite:2.0.1] AndroidManifest.xml:20:5-44
MERGED from [androidx.documentfile:documentfile:1.0.0] AndroidManifest.xml:20:5-44
MERGED from [androidx.documentfile:documentfile:1.0.0] AndroidManifest.xml:20:5-44
MERGED from [androidx.localbroadcastmanager:localbroadcastmanager:1.0.0] AndroidManifest.xml:20:5-44
MERGED from [androidx.localbroadcastmanager:localbroadcastmanager:1.0.0] AndroidManifest.xml:20:5-44
MERGED from [androidx.print:print:1.0.0] AndroidManifest.xml:20:5-44
MERGED from [androidx.print:print:1.0.0] AndroidManifest.xml:20:5-44
MERGED from [androidx.viewpager:viewpager:1.0.0] AndroidManifest.xml:20:5-44
MERGED from [androidx.viewpager:viewpager:1.0.0] AndroidManifest.xml:20:5-44
MERGED from [androidx.drawerlayout:drawerlayout:1.0.0] AndroidManifest.xml:20:5-44
MERGED from [androidx.drawerlayout:drawerlayout:1.0.0] AndroidManifest.xml:20:5-44
MERGED from [androidx.slidingpanelayout:slidingpanelayout:1.0.0] AndroidManifest.xml:20:5-44
MERGED from [androidx.slidingpanelayout:slidingpanelayout:1.0.0] AndroidManifest.xml:20:5-44
MERGED from [androidx.customview:customview:1.0.0] AndroidManifest.xml:20:5-44
MERGED from [androidx.customview:customview:1.0.0] AndroidManifest.xml:20:5-44
MERGED from [androidx.swiperefreshlayout:swiperefreshlayout:1.0.0] AndroidManifest.xml:20:5-44
MERGED from [androidx.swiperefreshlayout:swiperefreshlayout:1.0.0] AndroidManifest.xml:20:5-44
MERGED from [androidx.interpolator:interpolator:1.0.0] AndroidManifest.xml:20:5-44
MERGED from [androidx.interpolator:interpolator:1.0.0] AndroidManifest.xml:20:5-44
MERGED from [androidx.asynclayoutinflater:asynclayoutinflater:1.0.0] AndroidManifest.xml:20:5-44
MERGED from [androidx.asynclayoutinflater:asynclayoutinflater:1.0.0] AndroidManifest.xml:20:5-44
MERGED from [androidx.cursoradapter:cursoradapter:1.0.0] AndroidManifest.xml:20:5-44
MERGED from [androidx.cursoradapter:cursoradapter:1.0.0] AndroidManifest.xml:20:5-44
MERGED from [androidx.activity:activity:1.0.0-alpha05] AndroidManifest.xml:20:5-44
MERGED from [androidx.activity:activity:1.0.0-alpha05] AndroidManifest.xml:20:5-44
MERGED from [androidx.core:core:1.1.0-alpha05] AndroidManifest.xml:20:5-44
MERGED from [androidx.core:core:1.1.0-alpha05] AndroidManifest.xml:20:5-44
MERGED from [androidx.versionedparcelable:versionedparcelable:1.1.0-alpha02] AndroidManifest.xml:20:5-44
MERGED from [androidx.versionedparcelable:versionedparcelable:1.1.0-alpha02] AndroidManifest.xml:20:5-44
MERGED from [androidx.lifecycle:lifecycle-process:2.0.0] AndroidManifest.xml:20:5-44
MERGED from [androidx.lifecycle:lifecycle-process:2.0.0] AndroidManifest.xml:20:5-44
MERGED from [androidx.lifecycle:lifecycle-service:2.0.0] AndroidManifest.xml:20:5-44
MERGED from [androidx.lifecycle:lifecycle-service:2.0.0] AndroidManifest.xml:20:5-44
MERGED from [androidx.lifecycle:lifecycle-runtime:2.1.0-alpha03] AndroidManifest.xml:20:5-44
MERGED from [androidx.lifecycle:lifecycle-runtime:2.1.0-alpha03] AndroidManifest.xml:20:5-44
MERGED from [androidx.savedstate:savedstate:1.0.0-alpha02] AndroidManifest.xml:20:5-44
MERGED from [androidx.savedstate:savedstate:1.0.0-alpha02] AndroidManifest.xml:20:5-44
MERGED from [androidx.lifecycle:lifecycle-viewmodel:2.1.0-alpha03] AndroidManifest.xml:20:5-44
MERGED from [androidx.lifecycle:lifecycle-viewmodel:2.1.0-alpha03] AndroidManifest.xml:20:5-44
INJECTED from src/main/AndroidManifest.xml
INJECTED from src/main/AndroidManifest.xml
	android:targetSdkVersion
		INJECTED from src/main/AndroidManifest.xml
		ADDED from src/main/AndroidManifest.xml
		INJECTED from src/main/AndroidManifest.xml
	android:minSdkVersion
		INJECTED from src/main/AndroidManifest.xml
		ADDED from src/main/AndroidManifest.xml
		INJECTED from src/main/AndroidManifest.xml
provider#com.squareup.picasso.PicassoProvider
ADDED from [com.squareup.picasso:picasso:2.71828] AndroidManifest.xml:8:9-11:40
	android:authorities
		ADDED from [com.squareup.picasso:picasso:2.71828] AndroidManifest.xml:10:13-72
	android:exported
		ADDED from [com.squareup.picasso:picasso:2.71828] AndroidManifest.xml:11:13-37
	android:name
		ADDED from [com.squareup.picasso:picasso:2.71828] AndroidManifest.xml:9:13-64
service#androidx.room.MultiInstanceInvalidationService
ADDED from [androidx.room:room-runtime:2.1.0-beta01] AndroidManifest.xml:23:9-25:40
	android:exported
		ADDED from [androidx.room:room-runtime:2.1.0-beta01] AndroidManifest.xml:25:13-37
	android:name
		ADDED from [androidx.room:room-runtime:2.1.0-beta01] AndroidManifest.xml:24:13-74
provider#androidx.lifecycle.ProcessLifecycleOwnerInitializer
ADDED from [androidx.lifecycle:lifecycle-process:2.0.0] AndroidManifest.xml:23:9-27:43
	android:authorities
		ADDED from [androidx.lifecycle:lifecycle-process:2.0.0] AndroidManifest.xml:25:13-69
	android:multiprocess
		ADDED from [androidx.lifecycle:lifecycle-process:2.0.0] AndroidManifest.xml:27:13-40
	android:exported
		ADDED from [androidx.lifecycle:lifecycle-process:2.0.0] AndroidManifest.xml:26:13-37
	android:name
		ADDED from [androidx.lifecycle:lifecycle-process:2.0.0] AndroidManifest.xml:24:13-79